2026-03-11 15:34:39,967 | UNMAPPED symptom detected: 'catarrh' (CF=0.70)
2026-03-11 15:34:39,967 | UNMAPPED symptom detected: 'running_nose' (CF=0.70)
2026-03-11 22:39:29,056 | UNMAPPED symptom detected: 'ear_pain' (CF=0.30)
2026-03-11 22:39:29,057 | UNMAPPED symptom detected: 'eye_pain' (CF=0.70)
2026-03-11 22:39:29,058 | UNMAPPED symptom detected: 'loss_of_appetite' (CF=0.80)
2026-03-18 00:30:11,213 | UNMAPPED symptom detected: 'eye_pain' (CF=0.70)
2026-03-18 00:31:00,889 | UNMAPPED symptom detected: 'eye_pain' (CF=0.70)
2026-03-18 00:31:00,890 | UNMAPPED symptom detected: 'vomiting' (CF=0.80)
2026-03-18 00:31:50,286 | UNMAPPED symptom detected: 'eye_pain' (CF=0.70)
2026-03-18 00:31:50,286 | UNMAPPED symptom detected: 'cold_symptoms' (CF=0.70)
2026-03-18 00:31:50,287 | UNMAPPED symptom detected: 'vomiting' (CF=0.80)
2026-03-18 00:43:07,766 | UNMAPPED symptom detected: 'vomiting' (CF=0.70)
2026-03-18 00:43:24,860 | UNMAPPED symptom detected: 'vomiting' (CF=0.70)
2026-03-18 00:43:24,861 | UNMAPPED symptom detected: 'red_eyes' (CF=0.70)
2026-03-18 00:43:43,275 | UNMAPPED symptom detected: 'sweating' (CF=0.70)
2026-03-18 00:43:43,275 | UNMAPPED symptom detected: 'vomiting' (CF=0.70)
2026-03-18 00:43:43,276 | UNMAPPED symptom detected: 'red_eyes' (CF=0.70)
2026-03-18 01:13:49,096 | UNMAPPED symptom detected: 'leg_swelling' (CF=0.70)
2026-04-07 18:42:06,882 | UNMAPPED symptom detected: 'cough' (CF=0.30)
2026-04-07 18:42:30,465 | UNMAPPED symptom detected: 'scraped_knee' (CF=0.90)
2026-04-07 18:42:48,125 | UNMAPPED symptom detected: 'dry_mouth' (CF=0.70)
2026-04-07 18:43:16,169 | UNMAPPED symptom detected: 'sore_throat' (CF=0.30)
2026-04-07 18:43:21,358 | UNMAPPED symptom detected: 'flushing' (CF=0.90)
2026-04-07 18:43:21,359 | UNMAPPED symptom detected: 'distress' (CF=0.80)
2026-04-07 18:43:35,464 | UNMAPPED symptom detected: 'minor_rash_on_arm' (CF=0.30)
2026-04-07 18:43:45,252 | UNMAPPED symptom detected: 'agitation' (CF=0.90)
2026-04-07 18:44:15,550 | UNMAPPED symptom detected: 'visibly_deteriorating' (CF=0.90)
2026-04-07 18:44:24,573 | UNMAPPED symptom detected: 'lower_back_pain' (CF=0.75)
2026-04-07 18:44:35,734 | UNMAPPED symptom detected: 'not_eaten_for_two_days' (CF=0.90)
2026-04-07 18:45:47,110 | UNMAPPED symptom detected: 'tongue_pain' (CF=0.70)
2026-04-07 18:58:32,321 | UNMAPPED symptom detected: 'cyclical_fever' (CF=0.80)
2026-04-07 18:58:56,202 | UNMAPPED symptom detected: 'slight_cough' (CF=0.30)
2026-04-07 18:59:20,775 | UNMAPPED symptom detected: 'scraped_knee' (CF=0.90)
2026-04-07 18:59:36,955 | UNMAPPED symptom detected: 'dry_mouth' (CF=0.70)
2026-04-07 19:00:01,530 | UNMAPPED symptom detected: 'sore_throat' (CF=0.30)
2026-04-07 19:00:06,821 | UNMAPPED symptom detected: 'flushed' (CF=0.90)
2026-04-07 19:00:06,822 | UNMAPPED symptom detected: 'distressed' (CF=0.70)
2026-04-07 19:00:21,190 | UNMAPPED symptom detected: 'rash' (CF=0.30)
2026-04-07 19:00:30,398 | UNMAPPED symptom detected: 'agitation' (CF=0.90)
2026-04-07 19:00:30,398 | UNMAPPED symptom detected: 'significant_discomfort' (CF=0.90)
2026-04-07 19:00:57,339 | UNMAPPED symptom detected: 'clinical_deterioration' (CF=0.85)
2026-04-07 19:01:06,249 | UNMAPPED symptom detected: 'lower_back_pain' (CF=0.70)
2026-04-07 19:01:15,770 | UNMAPPED symptom detected: 'not_eaten_in_two_days' (CF=0.90)
2026-04-07 19:01:52,839 | UNMAPPED symptom detected: 'toothache' (CF=0.40)
2026-04-07 19:02:24,994 | UNMAPPED symptom detected: 'scraped_elbow' (CF=0.90)
2026-04-07 19:02:29,127 | UNMAPPED symptom detected: 'loss_of_appetite' (CF=0.30)
2026-04-07 19:02:48,053 | UNMAPPED symptom detected: 'stiff_neck' (CF=0.70)
2026-04-07 19:03:35,507 | UNMAPPED symptom detected: 'dry_cough' (CF=0.40)
2026-04-07 19:03:54,797 | UNMAPPED symptom detected: 'rash' (CF=0.30)
2026-04-07 19:04:04,385 | UNMAPPED symptom detected: 'highly_distressed' (CF=0.90)
2026-04-07 19:04:12,951 | UNMAPPED symptom detected: 'photophobia' (CF=0.70)
2026-04-07 19:04:38,215 | UNMAPPED symptom detected: 'nausea' (CF=0.30)
2026-04-07 19:04:57,877 | UNMAPPED symptom detected: 'sore_throat' (CF=0.30)
2026-04-07 19:05:22,350 | UNMAPPED symptom detected: 'rapid_deterioration' (CF=0.90)
2026-04-07 19:05:26,957 | UNMAPPED symptom detected: 'dull_lower_back_ache' (CF=0.65)
2026-04-07 19:05:38,325 | UNMAPPED symptom detected: 'dry_mouth' (CF=0.70)
2026-04-07 19:05:46,720 | UNMAPPED symptom detected: 'extreme_paleness' (CF=0.90)
2026-04-07 19:05:53,788 | UNMAPPED symptom detected: 'rash' (CF=0.30)
2026-04-07 20:40:13,691 | UNMAPPED symptom detected: 'cyclical_fever' (CF=0.80)
2026-04-07 20:40:37,653 | UNMAPPED symptom detected: 'scraped_knee' (CF=0.70)
2026-04-07 20:40:58,951 | UNMAPPED symptom detected: 'sore_throat' (CF=0.30)
2026-04-07 20:41:03,749 | UNMAPPED symptom detected: 'flushed' (CF=0.90)
2026-04-07 20:41:03,749 | UNMAPPED symptom detected: 'distressed' (CF=0.70)
2026-04-07 20:41:30,491 | UNMAPPED symptom detected: 'deteriorating' (CF=0.85)
2026-04-07 20:48:55,316 | UNMAPPED symptom detected: 'cough' (CF=0.30)
2026-04-07 20:49:19,815 | UNMAPPED symptom detected: 'scraped_knee' (CF=0.70)
2026-04-07 20:49:35,535 | UNMAPPED symptom detected: 'dry_mouth' (CF=0.70)
2026-04-07 20:50:00,953 | UNMAPPED symptom detected: 'sore_throat' (CF=0.30)
2026-04-07 20:50:05,869 | UNMAPPED symptom detected: 'flushed_skin' (CF=0.90)
2026-04-07 20:50:05,869 | UNMAPPED symptom detected: 'distress' (CF=0.80)
2026-04-07 20:50:18,978 | UNMAPPED symptom detected: 'rash' (CF=0.30)
2026-04-07 20:50:27,476 | UNMAPPED symptom detected: 'highly_agitated' (CF=0.90)
2026-04-07 20:50:27,477 | UNMAPPED symptom detected: 'significant_discomfort' (CF=0.90)
2026-04-07 20:50:55,943 | UNMAPPED symptom detected: 'deteriorating_condition' (CF=0.85)
2026-04-07 20:51:04,340 | UNMAPPED symptom detected: 'lower_back_pain' (CF=0.70)
2026-04-07 20:51:14,068 | UNMAPPED symptom detected: 'not_eaten_in_two_days' (CF=0.70)
2026-04-07 20:51:53,491 | UNMAPPED symptom detected: 'toothache' (CF=0.40)
2026-04-07 20:52:20,526 | UNMAPPED symptom detected: 'scraped_elbow' (CF=0.70)
2026-04-07 20:52:25,746 | UNMAPPED symptom detected: 'loss_of_appetite' (CF=0.30)
2026-04-07 20:52:44,485 | UNMAPPED symptom detected: 'stiff_neck' (CF=0.70)
2026-04-07 20:53:30,975 | UNMAPPED symptom detected: 'dry_cough' (CF=0.30)
2026-04-07 20:53:49,407 | UNMAPPED symptom detected: 'mild_rash_on_leg' (CF=0.40)
2026-04-07 20:54:07,532 | UNMAPPED symptom detected: 'photophobia' (CF=0.80)
2026-04-07 20:54:17,263 | UNMAPPED symptom detected: 'minor_scratch_on_arm' (CF=0.20)
2026-04-07 20:54:22,483 | UNMAPPED symptom detected: 'incredibly_flushed' (CF=0.90)
2026-04-07 20:54:22,484 | UNMAPPED symptom detected: 'struggling_to_sit_still' (CF=0.85)
2026-04-07 20:54:30,470 | UNMAPPED symptom detected: 'nausea' (CF=0.30)
2026-04-07 20:54:49,312 | UNMAPPED symptom detected: 'sore_throat' (CF=0.30)
2026-04-07 20:55:12,310 | UNMAPPED symptom detected: 'deteriorating_rapidly' (CF=0.90)
2026-04-07 20:55:16,550 | UNMAPPED symptom detected: 'lower_back_ache' (CF=0.65)
2026-04-07 20:55:27,507 | UNMAPPED symptom detected: 'dry_mouth' (CF=0.70)
2026-04-07 20:55:37,131 | UNMAPPED symptom detected: 'extreme_paleness' (CF=0.90)
2026-04-07 20:55:47,782 | UNMAPPED symptom detected: 'highly_distressed' (CF=0.90)
2026-04-07 23:07:00,910 | UNMAPPED symptom detected: 'fever_cyclical_pattern' (CF=0.70)
2026-04-07 23:07:23,029 | UNMAPPED symptom detected: 'cough' (CF=0.30)
2026-04-07 23:07:46,714 | UNMAPPED symptom detected: 'scraped_knee' (CF=0.80)
2026-04-07 23:08:04,011 | UNMAPPED symptom detected: 'dry_mouth' (CF=0.70)
2026-04-07 23:08:28,865 | UNMAPPED symptom detected: 'sore_throat' (CF=0.30)
2026-04-07 23:08:33,327 | UNMAPPED symptom detected: 'flushed' (CF=0.90)
2026-04-07 23:08:33,328 | UNMAPPED symptom detected: 'distressed' (CF=0.80)
2026-04-07 23:08:46,123 | UNMAPPED symptom detected: 'minor_rash_on_arm' (CF=0.30)
2026-04-07 23:08:54,331 | UNMAPPED symptom detected: 'highly_agitated' (CF=0.90)
2026-04-07 23:08:54,331 | UNMAPPED symptom detected: 'significant_discomfort' (CF=0.90)
2026-04-07 23:09:19,828 | UNMAPPED symptom detected: 'deteriorating_condition' (CF=0.85)
2026-04-07 23:09:28,908 | UNMAPPED symptom detected: 'lower_back_pain' (CF=0.70)
2026-04-07 23:09:37,300 | UNMAPPED symptom detected: 'not_eaten_two_days' (CF=0.80)
2026-04-07 23:10:15,470 | UNMAPPED symptom detected: 'toothache' (CF=0.40)
2026-04-07 23:10:45,171 | UNMAPPED symptom detected: 'scraped_elbow' (CF=0.80)
2026-04-07 23:10:49,235 | UNMAPPED symptom detected: 'loss_of_appetite' (CF=0.30)
2026-04-07 23:11:08,020 | UNMAPPED symptom detected: 'stiff_neck' (CF=0.70)
2026-04-07 23:11:56,638 | UNMAPPED symptom detected: 'dry_cough' (CF=0.40)
2026-04-07 23:12:14,190 | UNMAPPED symptom detected: 'rash_on_leg' (CF=0.30)
2026-04-07 23:12:32,391 | UNMAPPED symptom detected: 'photophobia' (CF=0.75)
2026-04-07 23:12:42,623 | UNMAPPED symptom detected: 'minor_scratch_on_arm' (CF=0.30)
2026-04-07 23:12:47,566 | UNMAPPED symptom detected: 'flushed_skin' (CF=0.90)
2026-04-07 23:12:47,566 | UNMAPPED symptom detected: 'restlessness' (CF=0.85)
2026-04-07 23:12:56,834 | UNMAPPED symptom detected: 'nausea' (CF=0.30)
2026-04-07 23:13:16,010 | UNMAPPED symptom detected: 'sore_throat' (CF=0.30)
2026-04-07 23:13:42,388 | UNMAPPED symptom detected: 'lower_back_ache' (CF=0.65)
2026-04-07 23:13:46,962 | UNMAPPED symptom detected: 'lethargy' (CF=0.80)
2026-04-07 23:13:53,159 | UNMAPPED symptom detected: 'dry_mouth' (CF=0.70)
2026-04-07 23:14:02,956 | UNMAPPED symptom detected: 'extreme_paleness' (CF=0.90)
2026-04-07 23:14:13,193 | UNMAPPED symptom detected: 'distress' (CF=0.90)
2026-04-07 23:14:32,352 | UNMAPPED symptom detected: 'sore_throat' (CF=0.30)
2026-04-07 23:14:32,352 | UNMAPPED symptom detected: 'runny_nose' (CF=0.70)
2026-04-07 23:14:32,353 | UNMAPPED symptom detected: 'cough' (CF=0.30)
2026-04-07 23:14:36,790 | UNMAPPED symptom detected: 'severe_watery_diarrhoea' (CF=0.95)
2026-04-07 23:14:36,790 | UNMAPPED symptom detected: 'vomiting' (CF=0.80)
2026-04-07 23:14:36,791 | UNMAPPED symptom detected: 'severe_dehydration' (CF=0.95)
2026-04-07 23:14:41,187 | UNMAPPED symptom detected: 'persistent_dry_cough' (CF=0.75)
2026-04-07 23:14:41,188 | UNMAPPED symptom detected: 'loss_of_taste_and_smell' (CF=0.85)
2026-04-07 23:14:45,001 | UNMAPPED symptom detected: 'morning_sickness' (CF=0.70)
2026-04-07 23:14:45,002 | UNMAPPED symptom detected: 'lower_back_pain' (CF=0.70)
2026-04-07 23:14:49,188 | UNMAPPED symptom detected: 'terrified_of_water' (CF=0.95)
2026-04-07 23:14:49,188 | UNMAPPED symptom detected: 'muscle_spasms' (CF=0.80)
2026-04-07 23:14:53,887 | UNMAPPED symptom detected: 'broken_arm' (CF=1.00)
2026-04-07 23:14:53,888 | UNMAPPED symptom detected: 'pain' (CF=0.90)
2026-04-07 23:14:58,263 | UNMAPPED symptom detected: 'migraine_aura' (CF=0.70)
2026-04-07 23:14:58,264 | UNMAPPED symptom detected: 'photophobia' (CF=0.95)
2026-04-07 23:15:07,024 | UNMAPPED symptom detected: 'itchy_eyes' (CF=0.70)
2026-04-07 23:15:07,024 | UNMAPPED symptom detected: 'watery_eyes' (CF=0.70)
2026-04-07 23:15:07,025 | UNMAPPED symptom detected: 'sneezing' (CF=0.70)
2026-04-07 23:15:11,328 | UNMAPPED symptom detected: 'blistering_itchy_rash' (CF=0.80)
2026-04-07 23:15:15,897 | UNMAPPED symptom detected: 'acne' (CF=0.95)
2026-04-07 23:15:19,979 | UNMAPPED symptom detected: 'nausea' (CF=0.70)
2026-04-07 23:15:24,002 | UNMAPPED symptom detected: 'confusion' (CF=0.70)
2026-04-07 23:15:28,325 | UNMAPPED symptom detected: 'sadness' (CF=0.90)
2026-04-07 23:15:28,326 | UNMAPPED symptom detected: 'lethargy' (CF=0.70)
2026-04-07 23:15:28,327 | UNMAPPED symptom detected: 'loss_of_appetite' (CF=0.70)
2026-04-07 23:15:32,343 | UNMAPPED symptom detected: 'collapsed' (CF=0.90)
2026-04-07 23:15:36,536 | UNMAPPED symptom detected: 'stiff_neck' (CF=0.80)
2026-04-07 23:15:36,536 | UNMAPPED symptom detected: 'extreme_sensitivity_to_light' (CF=0.95)
2026-04-07 23:15:43,950 | UNMAPPED symptom detected: 'trembling' (CF=0.70)
2026-04-07 23:15:43,950 | UNMAPPED symptom detected: 'paleness' (CF=0.70)
2026-04-07 23:15:47,964 | UNMAPPED symptom detected: 'tingling_hands_feet' (CF=0.70)
2026-04-07 23:15:51,741 | UNMAPPED symptom detected: 'painful_urination' (CF=0.80)
2026-04-07 23:15:51,742 | UNMAPPED symptom detected: 'pelvic_pressure' (CF=0.70)
2026-04-07 23:15:55,786 | UNMAPPED symptom detected: 'swelling' (CF=0.80)
2026-04-07 23:15:55,786 | UNMAPPED symptom detected: 'bruising' (CF=0.80)
2026-04-18 13:29:21,922 | UNMAPPED symptom detected: 'nausea' (CF=0.70)
2026-04-18 13:29:21,923 | UNMAPPED symptom detected: 'dizziness' (CF=0.40)
2026-04-18 13:30:04,218 | UNMAPPED symptom detected: 'confusion' (CF=0.70)
